<?xml version="1.0" encoding="utf-8"?><testsuite errors="0" failures="0" name="pytest" skips="6" tests="8" time="0.131"><testcase classname="ts_MTAOS.bin.run_mtaos" file="bin/run_mtaos.py" line="-1" name="FLAKE8" time="0.0009191036224365234"><skipped message="file(s) previously passed FLAKE8 checks" type="pytest.skip">/opt/lsst/stack/miniconda3-4.5.4-fcd27eb/Linux64/pytest_flake8/1.0.1.lsst2+2/lib/python/pytest_flake8-1.0.1-py3.6.egg/pytest_flake8.py:106: &lt;py._xmlgen.raw object at 0x7f343a927080&gt;</skipped></testcase><testcase classname="ts_MTAOS.bin.src.run_mtaos" file="bin.src/run_mtaos.py" line="-1" name="FLAKE8" time="0.00041747093200683594"><skipped message="file(s) previously passed FLAKE8 checks" type="pytest.skip">/opt/lsst/stack/miniconda3-4.5.4-fcd27eb/Linux64/pytest_flake8/1.0.1.lsst2+2/lib/python/pytest_flake8-1.0.1-py3.6.egg/pytest_flake8.py:106: &lt;py._xmlgen.raw object at 0x7f343a927710&gt;</skipped></testcase><testcase classname="ts_MTAOS.doc.conf" file="doc/conf.py" line="-1" name="FLAKE8" time="0.00039386749267578125"><skipped message="file(s) previously passed FLAKE8 checks" type="pytest.skip">/opt/lsst/stack/miniconda3-4.5.4-fcd27eb/Linux64/pytest_flake8/1.0.1.lsst2+2/lib/python/pytest_flake8-1.0.1-py3.6.egg/pytest_flake8.py:106: &lt;py._xmlgen.raw object at 0x7f343a927cf8&gt;</skipped></testcase><testcase classname="ts_MTAOS.python.lsst.ts.MTAOS.__init__" file="python/lsst/ts/MTAOS/__init__.py" line="-1" name="FLAKE8" time="0.00048089027404785156"><skipped message="file(s) previously passed FLAKE8 checks" type="pytest.skip">/opt/lsst/stack/miniconda3-4.5.4-fcd27eb/Linux64/pytest_flake8/1.0.1.lsst2+2/lib/python/pytest_flake8-1.0.1-py3.6.egg/pytest_flake8.py:106: &lt;py._xmlgen.raw object at 0x7f343a9276a0&gt;</skipped></testcase><testcase classname="ts_MTAOS.python.lsst.ts.MTAOS.mtaos" file="python/lsst/ts/MTAOS/mtaos.py" line="-1" name="FLAKE8" time="0.00038504600524902344"><skipped message="file(s) previously passed FLAKE8 checks" type="pytest.skip">/opt/lsst/stack/miniconda3-4.5.4-fcd27eb/Linux64/pytest_flake8/1.0.1.lsst2+2/lib/python/pytest_flake8-1.0.1-py3.6.egg/pytest_flake8.py:106: &lt;py._xmlgen.raw object at 0x7f343a9395c0&gt;</skipped></testcase><testcase classname="ts_MTAOS.python.lsst.ts.MTAOS.version" file="python/lsst/ts/MTAOS/version.py" line="-1" name="FLAKE8" time="0.07655525207519531"></testcase><testcase classname="ts_MTAOS.tests.test_mtaos" file="tests/test_mtaos.py" line="-1" name="FLAKE8" time="0.00041961669921875"><skipped message="file(s) previously passed FLAKE8 checks" type="pytest.skip">/opt/lsst/stack/miniconda3-4.5.4-fcd27eb/Linux64/pytest_flake8/1.0.1.lsst2+2/lib/python/pytest_flake8-1.0.1-py3.6.egg/pytest_flake8.py:106: &lt;py._xmlgen.raw object at 0x7f343a954438&gt;</skipped></testcase><testcase classname="ts_MTAOS.tests.test_mtaos.FooBarTestCase" file="tests/test_mtaos.py" line="25" name="test_default" time="0.0006685256958007812"></testcase></testsuite>