<?xml version="1.0" ?>
<coverage branch-rate="1" branches-covered="0" branches-valid="0" complexity="0" line-rate="1" lines-covered="4" lines-valid="4" timestamp="1554840508589" version="4.5.1">
	<!-- Generated by coverage.py: https://coverage.readthedocs.io -->
	<!-- Based on https://raw.githubusercontent.com/cobertura/web/master/htdocs/xml/coverage-04.dtd -->
	<sources>
		<source>/home/lsst/ts_MTAOS</source>
	</sources>
	<packages>
		<package branch-rate="1" complexity="0" line-rate="1" name="tests">
			<classes>
				<class branch-rate="1" complexity="0" filename="tests/test_mtaos.py" line-rate="1" name="test_mtaos.py">
					<methods/>
					<lines>
						<line hits="1" number="22"/>
						<line hits="1" number="25"/>
						<line hits="1" number="26"/>
						<line hits="1" number="27"/>
					</lines>
				</class>
			</classes>
		</package>
	</packages>
</coverage>
